<?xml version="1.0" encoding="UTF-8"?>
<!-- Generated by org.testng.reporters.JUnitReportReporter -->
<testsuite hostname="LAPTOP-O1IA0A5B" failures="0" tests="1" name="com.automation.day22.Nov_12_2023.Rediff__Login_BraveBrowser" time="14.536" errors="0" timestamp="2023-11-15T09:03:34 EST" skipped="0">
  <testcase classname="com.automation.day22.Nov_12_2023.Rediff__Login_BraveBrowser" name="braveBrowser" time="14.536"/>
</testsuite> <!-- com.automation.day22.Nov_12_2023.Rediff__Login_BraveBrowser -->
