<?xml version="1.0" encoding="UTF-8"?>
<!-- Generated by org.testng.reporters.JUnitReportReporter -->
<testsuite hostname="LAPTOP-O1IA0A5B" failures="0" tests="1" name="com.automation.day21.Nov_11_2023_Practice.P2Implicit_ExplicitWait_Practice" time="8.790" errors="0" timestamp="2023-11-14T14:45:22 EST" skipped="0">
  <testcase classname="com.automation.day21.Nov_11_2023_Practice.P2Implicit_ExplicitWait_Practice" name="tnWebDriverWait" time="8.790"/>
</testsuite> <!-- com.automation.day21.Nov_11_2023_Practice.P2Implicit_ExplicitWait_Practice -->
