<?xml version="1.0" encoding="UTF-8"?>
<!-- Generated by org.testng.reporters.JUnitReportReporter -->
<testsuite hostname="LAPTOP-O1IA0A5B" failures="0" tests="1" name="com.automation.day22.Nov_12_2023Practice.DatePicker2" time="9.764" errors="0" timestamp="2023-11-16T15:59:37 EST" skipped="0">
  <testcase classname="com.automation.day22.Nov_12_2023Practice.DatePicker2" name="datePicker" time="9.764"/>
</testsuite> <!-- com.automation.day22.Nov_12_2023Practice.DatePicker2 -->
