<?xml version="1.0" encoding="UTF-8"?>
<!-- Generated by org.testng.reporters.JUnitReportReporter -->
<testsuite hostname="LAPTOP-O1IA0A5B" failures="0" tests="1" name="com.automation.day21.Nov_11_2023_Practice.P10Looping_DropDownPractice2" time="16.910" errors="0" timestamp="2023-11-14T17:38:20 EST" skipped="0">
  <testcase classname="com.automation.day21.Nov_11_2023_Practice.P10Looping_DropDownPractice2" name="loopingDropDown" time="16.910"/>
</testsuite> <!-- com.automation.day21.Nov_11_2023_Practice.P10Looping_DropDownPractice2 -->
