<?xml version="1.0" encoding="UTF-8"?>
<!-- Generated by org.testng.reporters.JUnitReportReporter -->
<testsuite hostname="LAPTOP-O1IA0A5B" failures="0" tests="1" name="com.automation.day22.Nov_12_2023Practice.HW_SpiceJet_DatePickerPractice" time="7.296" errors="0" timestamp="2023-11-18T08:05:28 EST" skipped="0">
  <testcase classname="com.automation.day22.Nov_12_2023Practice.HW_SpiceJet_DatePickerPractice" name="spiceJet" time="7.296"/>
</testsuite> <!-- com.automation.day22.Nov_12_2023Practice.HW_SpiceJet_DatePickerPractice -->
