<?xml version="1.0" encoding="UTF-8"?>
<!-- Generated by org.testng.reporters.JUnitReportReporter -->
<testsuite hostname="LAPTOP-O1IA0A5B" failures="0" tests="1" name="com.automation.day21.Nov_11_2023_Practice.P07KeyBoard_ActionPractice" time="11.576" errors="0" timestamp="2023-11-15T17:35:27 EST" skipped="0">
  <testcase classname="com.automation.day21.Nov_11_2023_Practice.P07KeyBoard_ActionPractice" name="tnRegisterKeyboardActions" time="11.576"/>
</testsuite> <!-- com.automation.day21.Nov_11_2023_Practice.P07KeyBoard_ActionPractice -->
