<?xml version="1.0" encoding="UTF-8"?>
<!-- Generated by org.testng.reporters.JUnitReportReporter -->
<testsuite hostname="LAPTOP-O1IA0A5B" failures="0" tests="1" name="com.practice.Nov_14_2023.Mouse_ActionsPractice" time="6.611" errors="0" timestamp="2023-11-14T09:45:02 EST" skipped="0">
  <testcase classname="com.practice.Nov_14_2023.Mouse_ActionsPractice" name="easeMyTripMouseAction" time="6.611"/>
</testsuite> <!-- com.practice.Nov_14_2023.Mouse_ActionsPractice -->
