<?xml version="1.0" encoding="UTF-8"?>
<!-- Generated by org.testng.reporters.JUnitReportReporter -->
<testsuite hostname="LAPTOP-O1IA0A5B" failures="0" tests="1" name="com.automation.day21.Nov_11_2023_ScreenRecording.Recording_LoginTestPractice" time="16.988" errors="0" timestamp="2023-11-14T13:31:30 EST" skipped="0">
  <testcase classname="com.automation.day21.Nov_11_2023_ScreenRecording.Recording_LoginTestPractice" name="Recording_TN" time="16.988"/>
</testsuite> <!-- com.automation.day21.Nov_11_2023_ScreenRecording.Recording_LoginTestPractice -->
