<?xml version="1.0" encoding="UTF-8"?>
<!-- Generated by org.testng.reporters.JUnitReportReporter -->
<testsuite hostname="LAPTOP-O1IA0A5B" failures="0" tests="1" name="com.automation.day22.Nov_12_2023Practice.P4RediffWebTable_AssignmentPractice2" time="161.570" errors="0" timestamp="2023-11-16T13:21:06 EST" skipped="0">
  <testcase classname="com.automation.day22.Nov_12_2023Practice.P4RediffWebTable_AssignmentPractice2" name="webTableAssignment2" time="161.570"/>
</testsuite> <!-- com.automation.day22.Nov_12_2023Practice.P4RediffWebTable_AssignmentPractice2 -->
